2017-03-23 19:32:00,122 ERROR [errorlog] org.apache.commons.httpclient.URIException: Invalid authority
org.apache.commons.httpclient.URIException: Invalid authority
	at org.apache.commons.httpclient.URI.parseAuthority(URI.java:2236)
	at org.apache.commons.httpclient.URI.parseUriReference(URI.java:1978)
	at org.apache.commons.httpclient.URI.<init>(URI.java:147)
	at org.apache.commons.httpclient.HttpMethodBase.getURI(HttpMethodBase.java:265)
	at com.eviware.soapui.impl.wsdl.submit.transports.http.BaseHttpResponse.<init>(BaseHttpResponse.java:75)
	at com.eviware.soapui.impl.wsdl.submit.transports.http.SinglePartHttpResponse.<init>(SinglePartHttpResponse.java:42)
	at com.eviware.soapui.impl.wsdl.submit.transports.http.support.attachments.WsdlSinglePartHttpResponse.<init>(WsdlSinglePartHttpResponse.java:36)
	at com.eviware.soapui.impl.wsdl.submit.filters.HttpPackagingResponseFilter.wsdlRequest(HttpPackagingResponseFilter.java:64)
	at com.eviware.soapui.impl.wsdl.submit.filters.HttpPackagingResponseFilter.afterAbstractHttpResponse(HttpPackagingResponseFilter.java:42)
	at com.eviware.soapui.impl.wsdl.submit.filters.AbstractRequestFilter.afterRequest(AbstractRequestFilter.java:64)
	at com.eviware.soapui.impl.wsdl.submit.transports.http.HttpClientRequestTransport.sendRequest(HttpClientRequestTransport.java:228)
	at com.eviware.soapui.impl.wsdl.WsdlSubmit.run(WsdlSubmit.java:123)
	at com.eviware.soapui.impl.wsdl.WsdlSubmit.submitRequest(WsdlSubmit.java:76)
	at com.eviware.soapui.impl.wsdl.WsdlRequest.submit(WsdlRequest.java:238)
	at com.eviware.soapui.impl.wsdl.teststeps.WsdlTestRequestStep.run(WsdlTestRequestStep.java:366)
	at com.eviware.soapui.impl.wsdl.support.AbstractTestCaseRunner.runTestStep(AbstractTestCaseRunner.java:232)
	at com.eviware.soapui.impl.wsdl.testcase.WsdlTestCaseRunner.runCurrentTestStep(WsdlTestCaseRunner.java:48)
	at com.eviware.soapui.impl.wsdl.support.AbstractTestCaseRunner.internalRun(AbstractTestCaseRunner.java:141)
	at com.eviware.soapui.impl.wsdl.support.AbstractTestCaseRunner.internalRun(AbstractTestCaseRunner.java:42)
	at com.eviware.soapui.impl.wsdl.support.AbstractTestRunner.run(AbstractTestRunner.java:135)
	at java.util.concurrent.Executors$RunnableAdapter.call(Executors.java:511)
	at java.util.concurrent.FutureTask.run(FutureTask.java:266)
	at java.util.concurrent.ThreadPoolExecutor.runWorker(ThreadPoolExecutor.java:1142)
	at java.util.concurrent.ThreadPoolExecutor$Worker.run(ThreadPoolExecutor.java:617)
	at java.lang.Thread.run(Thread.java:745)
2017-03-23 19:32:00,311 ERROR [WsdlSubmit] Exception in request: org.apache.commons.httpclient.URIException: Invalid authority
2017-03-23 19:32:00,324 ERROR [errorlog] org.apache.commons.httpclient.URIException: Invalid authority
org.apache.commons.httpclient.URIException: Invalid authority
	at org.apache.commons.httpclient.URI.parseAuthority(URI.java:2236)
	at org.apache.commons.httpclient.URI.parseUriReference(URI.java:1978)
	at org.apache.commons.httpclient.URI.<init>(URI.java:147)
	at org.apache.commons.httpclient.HttpMethodBase.getURI(HttpMethodBase.java:265)
	at org.apache.commons.httpclient.HttpClient.executeMethod(HttpClient.java:383)
	at com.eviware.soapui.impl.wsdl.submit.transports.http.HttpClientRequestTransport.sendRequest(HttpClientRequestTransport.java:202)
	at com.eviware.soapui.impl.wsdl.WsdlSubmit.run(WsdlSubmit.java:123)
	at com.eviware.soapui.impl.wsdl.WsdlSubmit.submitRequest(WsdlSubmit.java:76)
	at com.eviware.soapui.impl.wsdl.WsdlRequest.submit(WsdlRequest.java:238)
	at com.eviware.soapui.impl.wsdl.teststeps.WsdlTestRequestStep.run(WsdlTestRequestStep.java:366)
	at com.eviware.soapui.impl.wsdl.support.AbstractTestCaseRunner.runTestStep(AbstractTestCaseRunner.java:232)
	at com.eviware.soapui.impl.wsdl.testcase.WsdlTestCaseRunner.runCurrentTestStep(WsdlTestCaseRunner.java:48)
	at com.eviware.soapui.impl.wsdl.support.AbstractTestCaseRunner.internalRun(AbstractTestCaseRunner.java:141)
	at com.eviware.soapui.impl.wsdl.support.AbstractTestCaseRunner.internalRun(AbstractTestCaseRunner.java:42)
	at com.eviware.soapui.impl.wsdl.support.AbstractTestRunner.run(AbstractTestRunner.java:135)
	at java.util.concurrent.Executors$RunnableAdapter.call(Executors.java:511)
	at java.util.concurrent.FutureTask.run(FutureTask.java:266)
	at java.util.concurrent.ThreadPoolExecutor.runWorker(ThreadPoolExecutor.java:1142)
	at java.util.concurrent.ThreadPoolExecutor$Worker.run(ThreadPoolExecutor.java:617)
	at java.lang.Thread.run(Thread.java:745)
